2023-12-12 22:16:10,875 INFO:Mensaje Personalizado para App 1 desde yaml
2023-12-12 22:16:10,876 INFO:Hello World 1
2023-12-12 22:16:12,482 INFO:attrs==23.1.0
iniconfig==2.0.0
numpy==1.21.6
packaging==23.2
pandas==1.3.5
pluggy==1.3.0
py==1.11.0
pytest==7.1.3
python-dateutil==2.8.2
pytz==2023.3.post1
six==1.16.0
tomli==2.0.1

2023-12-12 23:52:52,727 INFO:Mensaje Personalizado para App 1 desde yaml
2023-12-12 23:52:52,728 INFO:Hello World 1
2023-12-12 23:52:54,617 INFO:attrs==23.1.0
iniconfig==2.0.0
numpy==1.21.6
packaging==23.2
pandas==1.3.5
pluggy==1.3.0
py==1.11.0
pytest==7.1.3
python-dateutil==2.8.2
pytz==2023.3.post1
six==1.16.0
tomli==2.0.1

2023-12-12 23:58:17,166 INFO:Mensaje Personalizado para App 1 desde yaml
2023-12-12 23:58:17,166 INFO:Hello World 1
2023-12-12 23:58:19,018 INFO:attrs==23.1.0
iniconfig==2.0.0
numpy==1.21.6
packaging==23.2
pandas==1.3.5
pluggy==1.3.0
py==1.11.0
pytest==7.1.3
python-dateutil==2.8.2
pytz==2023.3.post1
six==1.16.0
tomli==2.0.1

